1679656237916	geckodriver	INFO	Listening on 127.0.0.1:52990
1679656241002	mozrunner::runner	INFO	Running command: "C:\\Program Files\\Mozilla Firefox\\firefox.exe" "--marionette" "--headless" "--remote-debugging-port" "529 ... remote-allow-hosts" "localhost" "-no-remote" "-profile" "C:\\Users\\K5DD3~1.KAR\\AppData\\Local\\Temp\\rust_mozprofileBRU8UW"
*** You are running in headless mode.
1679656241404	Marionette	INFO	Marionette enabled
1679656241409	Marionette	INFO	Listening on port 53000
WebDriver BiDi listening on ws://localhost:52991
Read port: 53000
1679656241523	RemoteAgent	WARN	TLS certificate errors will be ignored for this session
[GFX1-]: RenderCompositorSWGL failed mapping default framebuffer, no dt
console.warn: SearchSettings: "get: No settings file exists, new profile?" (new NotFoundError("Could not open the file at C:\\Users\\K5DD3~1.KAR\\AppData\\Local\\Temp\\rust_mozprofileBRU8UW\\search.json.mozlz4", (void 0)))
DevTools listening on ws://localhost:52991/devtools/browser/c2515d93-a72b-4779-b468-f49df048c821
JavaScript warning: https://mc.yandex.ru/metrika/tag.js, line 13: WEBGL_debug_renderer_info is deprecated in Firefox and will be removed. Please use RENDERER.
JavaScript warning: https://pagead2.googlesyndication.com/bg/3b1Q3-2ktxseIVt-HK-LDpEKRyl8KDIxhU6os0UJEUg.js line 2 > eval line 3459 > eval line 1 > eval line 1 > eval, line 1: WEBGL_debug_renderer_info is deprecated in Firefox and will be removed. Please use RENDERER.
1679656462055	geckodriver	INFO	Listening on 127.0.0.1:53131
1679656465140	mozrunner::runner	INFO	Running command: "C:\\Program Files\\Mozilla Firefox\\firefox.exe" "--marionette" "--headless" "--remote-debugging-port" "531 ... remote-allow-hosts" "localhost" "-no-remote" "-profile" "C:\\Users\\K5DD3~1.KAR\\AppData\\Local\\Temp\\rust_mozprofileFB4iiI"
*** You are running in headless mode.
1679656466071	Marionette	INFO	Marionette enabled
1679656466075	Marionette	INFO	Listening on port 53141
WebDriver BiDi listening on ws://localhost:53132
Read port: 53141
1679656466208	RemoteAgent	WARN	TLS certificate errors will be ignored for this session
[GFX1-]: RenderCompositorSWGL failed mapping default framebuffer, no dt
console.warn: SearchSettings: "get: No settings file exists, new profile?" (new NotFoundError("Could not open the file at C:\\Users\\K5DD3~1.KAR\\AppData\\Local\\Temp\\rust_mozprofileFB4iiI\\search.json.mozlz4", (void 0)))
DevTools listening on ws://localhost:53132/devtools/browser/f298b09c-ae71-4c91-90f9-d1119a3ec539
JavaScript warning: https://mc.yandex.ru/metrika/tag.js, line 13: WEBGL_debug_renderer_info is deprecated in Firefox and will be removed. Please use RENDERER.
JavaScript warning: https://pagead2.googlesyndication.com/bg/3b1Q3-2ktxseIVt-HK-LDpEKRyl8KDIxhU6os0UJEUg.js line 2 > eval line 6757 > eval line 1 > eval line 1 > eval, line 1: WEBGL_debug_renderer_info is deprecated in Firefox and will be removed. Please use RENDERER.
1679656504468	geckodriver	INFO	Listening on 127.0.0.1:53219
1679656507532	mozrunner::runner	INFO	Running command: "C:\\Program Files\\Mozilla Firefox\\firefox.exe" "--marionette" "--headless" "--remote-debugging-port" "532 ... remote-allow-hosts" "localhost" "-no-remote" "-profile" "C:\\Users\\K5DD3~1.KAR\\AppData\\Local\\Temp\\rust_mozprofileVjCsBT"
*** You are running in headless mode.
1679656507934	Marionette	INFO	Marionette enabled
1679656507939	Marionette	INFO	Listening on port 53229
WebDriver BiDi listening on ws://localhost:53220
Read port: 53229
1679656508060	RemoteAgent	WARN	TLS certificate errors will be ignored for this session
[GFX1-]: RenderCompositorSWGL failed mapping default framebuffer, no dt
console.warn: SearchSettings: "get: No settings file exists, new profile?" (new NotFoundError("Could not open the file at C:\\Users\\K5DD3~1.KAR\\AppData\\Local\\Temp\\rust_mozprofileVjCsBT\\search.json.mozlz4", (void 0)))
DevTools listening on ws://localhost:53220/devtools/browser/776e0b51-184a-4b41-a453-656c589ffcee
JavaScript warning: https://mc.yandex.ru/metrika/tag.js, line 13: WEBGL_debug_renderer_info is deprecated in Firefox and will be removed. Please use RENDERER.
JavaScript warning: https://pagead2.googlesyndication.com/bg/3b1Q3-2ktxseIVt-HK-LDpEKRyl8KDIxhU6os0UJEUg.js line 2 > eval line 6402 > eval line 1 > eval line 1 > eval, line 1: WEBGL_debug_renderer_info is deprecated in Firefox and will be removed. Please use RENDERER.
1679656533530	geckodriver	INFO	Listening on 127.0.0.1:53299
1679656536573	mozrunner::runner	INFO	Running command: "C:\\Program Files\\Mozilla Firefox\\firefox.exe" "--marionette" "--headless" "--remote-debugging-port" "533 ... remote-allow-hosts" "localhost" "-no-remote" "-profile" "C:\\Users\\K5DD3~1.KAR\\AppData\\Local\\Temp\\rust_mozprofileiGQoIL"
*** You are running in headless mode.
1679656537518	Marionette	INFO	Marionette enabled
1679656537524	Marionette	INFO	Listening on port 53310
WebDriver BiDi listening on ws://localhost:53300
Read port: 53310
1679656537649	RemoteAgent	WARN	TLS certificate errors will be ignored for this session
[GFX1-]: RenderCompositorSWGL failed mapping default framebuffer, no dt
console.warn: SearchSettings: "get: No settings file exists, new profile?" (new NotFoundError("Could not open the file at C:\\Users\\K5DD3~1.KAR\\AppData\\Local\\Temp\\rust_mozprofileiGQoIL\\search.json.mozlz4", (void 0)))
DevTools listening on ws://localhost:53300/devtools/browser/f46562b8-ac5e-40aa-a8e0-56c5c754fd12
JavaScript warning: https://mc.yandex.ru/metrika/tag.js, line 13: WEBGL_debug_renderer_info is deprecated in Firefox and will be removed. Please use RENDERER.
JavaScript warning: https://pagead2.googlesyndication.com/bg/3b1Q3-2ktxseIVt-HK-LDpEKRyl8KDIxhU6os0UJEUg.js line 2 > eval line 5428 > eval line 1 > eval line 1 > eval, line 1: WEBGL_debug_renderer_info is deprecated in Firefox and will be removed. Please use RENDERER.
1679657073324	geckodriver	INFO	Listening on 127.0.0.1:53543
1679657076406	mozrunner::runner	INFO	Running command: "C:\\Program Files\\Mozilla Firefox\\firefox.exe" "--marionette" "--headless" "--remote-debugging-port" "535 ... remote-allow-hosts" "localhost" "-no-remote" "-profile" "C:\\Users\\K5DD3~1.KAR\\AppData\\Local\\Temp\\rust_mozprofilemz3Aw6"
*** You are running in headless mode.
1679657077419	Marionette	INFO	Marionette enabled
1679657077424	Marionette	INFO	Listening on port 53553
WebDriver BiDi listening on ws://localhost:53544
Read port: 53553
1679657077660	RemoteAgent	WARN	TLS certificate errors will be ignored for this session
[GFX1-]: RenderCompositorSWGL failed mapping default framebuffer, no dt
console.warn: SearchSettings: "get: No settings file exists, new profile?" (new NotFoundError("Could not open the file at C:\\Users\\K5DD3~1.KAR\\AppData\\Local\\Temp\\rust_mozprofilemz3Aw6\\search.json.mozlz4", (void 0)))
DevTools listening on ws://localhost:53544/devtools/browser/f5534a05-ed77-4824-8382-c158e5e44236
JavaScript warning: https://mc.yandex.ru/metrika/tag.js, line 13: WEBGL_debug_renderer_info is deprecated in Firefox and will be removed. Please use RENDERER.
JavaScript warning: https://pagead2.googlesyndication.com/bg/3b1Q3-2ktxseIVt-HK-LDpEKRyl8KDIxhU6os0UJEUg.js line 2 > eval line 197 > eval line 1 > eval line 1 > eval, line 1: WEBGL_debug_renderer_info is deprecated in Firefox and will be removed. Please use RENDERER.
1679657118624	geckodriver	INFO	Listening on 127.0.0.1:53645
1679657121689	mozrunner::runner	INFO	Running command: "C:\\Program Files\\Mozilla Firefox\\firefox.exe" "--marionette" "--headless" "--remote-debugging-port" "536 ... remote-allow-hosts" "localhost" "-no-remote" "-profile" "C:\\Users\\K5DD3~1.KAR\\AppData\\Local\\Temp\\rust_mozprofileEQbFrM"
*** You are running in headless mode.
1679657122915	Marionette	INFO	Marionette enabled
1679657122921	Marionette	INFO	Listening on port 53656
WebDriver BiDi listening on ws://localhost:53646
Read port: 53656
1679657123028	RemoteAgent	WARN	TLS certificate errors will be ignored for this session
[GFX1-]: RenderCompositorSWGL failed mapping default framebuffer, no dt
console.warn: SearchSettings: "get: No settings file exists, new profile?" (new NotFoundError("Could not open the file at C:\\Users\\K5DD3~1.KAR\\AppData\\Local\\Temp\\rust_mozprofileEQbFrM\\search.json.mozlz4", (void 0)))
DevTools listening on ws://localhost:53646/devtools/browser/dc9ccded-3f67-439a-982e-38c635ec401c
JavaScript warning: https://mc.yandex.ru/metrika/tag.js, line 13: WEBGL_debug_renderer_info is deprecated in Firefox and will be removed. Please use RENDERER.
JavaScript warning: https://pagead2.googlesyndication.com/bg/3b1Q3-2ktxseIVt-HK-LDpEKRyl8KDIxhU6os0UJEUg.js line 2 > eval line 2908 > eval line 1 > eval line 1 > eval, line 1: WEBGL_debug_renderer_info is deprecated in Firefox and will be removed. Please use RENDERER.
1679657164204	geckodriver	INFO	Listening on 127.0.0.1:53731
1679657167273	mozrunner::runner	INFO	Running command: "C:\\Program Files\\Mozilla Firefox\\firefox.exe" "--marionette" "--headless" "--remote-debugging-port" "537 ... remote-allow-hosts" "localhost" "-no-remote" "-profile" "C:\\Users\\K5DD3~1.KAR\\AppData\\Local\\Temp\\rust_mozprofile6Tqcck"
*** You are running in headless mode.
1679657168894	Marionette	INFO	Marionette enabled
1679657168899	Marionette	INFO	Listening on port 53741
WebDriver BiDi listening on ws://localhost:53732
Read port: 53741
1679657169029	RemoteAgent	WARN	TLS certificate errors will be ignored for this session
[GFX1-]: RenderCompositorSWGL failed mapping default framebuffer, no dt
console.warn: SearchSettings: "get: No settings file exists, new profile?" (new NotFoundError("Could not open the file at C:\\Users\\K5DD3~1.KAR\\AppData\\Local\\Temp\\rust_mozprofile6Tqcck\\search.json.mozlz4", (void 0)))
DevTools listening on ws://localhost:53732/devtools/browser/5e71f45d-a906-4693-a35b-e9df0112c76d
JavaScript warning: https://mc.yandex.ru/metrika/tag.js, line 13: WEBGL_debug_renderer_info is deprecated in Firefox and will be removed. Please use RENDERER.
JavaScript warning: https://pagead2.googlesyndication.com/bg/3b1Q3-2ktxseIVt-HK-LDpEKRyl8KDIxhU6os0UJEUg.js line 2 > eval line 4438 > eval line 1 > eval line 1 > eval, line 1: WEBGL_debug_renderer_info is deprecated in Firefox and will be removed. Please use RENDERER.
1679657211389	geckodriver	INFO	Listening on 127.0.0.1:53833
1679657214468	mozrunner::runner	INFO	Running command: "C:\\Program Files\\Mozilla Firefox\\firefox.exe" "--marionette" "--headless" "--remote-debugging-port" "538 ... remote-allow-hosts" "localhost" "-no-remote" "-profile" "C:\\Users\\K5DD3~1.KAR\\AppData\\Local\\Temp\\rust_mozprofilem8UsU6"
*** You are running in headless mode.
1679657215916	Marionette	INFO	Marionette enabled
1679657215921	Marionette	INFO	Listening on port 53845
WebDriver BiDi listening on ws://localhost:53834
Read port: 53845
1679657216201	RemoteAgent	WARN	TLS certificate errors will be ignored for this session
[GFX1-]: RenderCompositorSWGL failed mapping default framebuffer, no dt
console.warn: SearchSettings: "get: No settings file exists, new profile?" (new NotFoundError("Could not open the file at C:\\Users\\K5DD3~1.KAR\\AppData\\Local\\Temp\\rust_mozprofilem8UsU6\\search.json.mozlz4", (void 0)))
DevTools listening on ws://localhost:53834/devtools/browser/5fe56e05-41ce-47a5-a987-588a53608889
JavaScript warning: https://mc.yandex.ru/metrika/tag.js, line 13: WEBGL_debug_renderer_info is deprecated in Firefox and will be removed. Please use RENDERER.
JavaScript warning: https://pagead2.googlesyndication.com/bg/3b1Q3-2ktxseIVt-HK-LDpEKRyl8KDIxhU6os0UJEUg.js line 2 > eval line 1467 > eval line 1 > eval line 1 > eval, line 1: WEBGL_debug_renderer_info is deprecated in Firefox and will be removed. Please use RENDERER.
1679657366077	geckodriver	INFO	Listening on 127.0.0.1:54053
1679657369157	mozrunner::runner	INFO	Running command: "C:\\Program Files\\Mozilla Firefox\\firefox.exe" "--marionette" "--headless" "--remote-debugging-port" "540 ... remote-allow-hosts" "localhost" "-no-remote" "-profile" "C:\\Users\\K5DD3~1.KAR\\AppData\\Local\\Temp\\rust_mozprofileemWNdT"
*** You are running in headless mode.
1679657370117	Marionette	INFO	Marionette enabled
1679657370122	Marionette	INFO	Listening on port 54063
WebDriver BiDi listening on ws://localhost:54054
Read port: 54063
1679657370238	RemoteAgent	WARN	TLS certificate errors will be ignored for this session
[GFX1-]: RenderCompositorSWGL failed mapping default framebuffer, no dt
console.warn: SearchSettings: "get: No settings file exists, new profile?" (new NotFoundError("Could not open the file at C:\\Users\\K5DD3~1.KAR\\AppData\\Local\\Temp\\rust_mozprofileemWNdT\\search.json.mozlz4", (void 0)))
DevTools listening on ws://localhost:54054/devtools/browser/6a080074-f807-4c88-b6f2-0a4a2b043240
JavaScript warning: https://mc.yandex.ru/metrika/tag.js, line 13: WEBGL_debug_renderer_info is deprecated in Firefox and will be removed. Please use RENDERER.
JavaScript warning: https://pagead2.googlesyndication.com/bg/3b1Q3-2ktxseIVt-HK-LDpEKRyl8KDIxhU6os0UJEUg.js line 2 > eval line 5109 > eval line 1 > eval line 1 > eval, line 1: WEBGL_debug_renderer_info is deprecated in Firefox and will be removed. Please use RENDERER.
1679657510427	geckodriver	INFO	Listening on 127.0.0.1:54192
1679657513515	mozrunner::runner	INFO	Running command: "C:\\Program Files\\Mozilla Firefox\\firefox.exe" "--marionette" "--headless" "--remote-debugging-port" "541 ... remote-allow-hosts" "localhost" "-no-remote" "-profile" "C:\\Users\\K5DD3~1.KAR\\AppData\\Local\\Temp\\rust_mozprofilePINgtO"
*** You are running in headless mode.
1679657513892	Marionette	INFO	Marionette enabled
1679657513898	Marionette	INFO	Listening on port 54202
WebDriver BiDi listening on ws://localhost:54193
Read port: 54202
1679657514125	RemoteAgent	WARN	TLS certificate errors will be ignored for this session
[GFX1-]: RenderCompositorSWGL failed mapping default framebuffer, no dt
console.warn: SearchSettings: "get: No settings file exists, new profile?" (new NotFoundError("Could not open the file at C:\\Users\\K5DD3~1.KAR\\AppData\\Local\\Temp\\rust_mozprofilePINgtO\\search.json.mozlz4", (void 0)))
DevTools listening on ws://localhost:54193/devtools/browser/a16e0cdf-6b2e-4bbe-9c64-1269426dff4f
JavaScript warning: https://mc.yandex.ru/metrika/tag.js, line 13: WEBGL_debug_renderer_info is deprecated in Firefox and will be removed. Please use RENDERER.
JavaScript warning: https://pagead2.googlesyndication.com/bg/3b1Q3-2ktxseIVt-HK-LDpEKRyl8KDIxhU6os0UJEUg.js line 2 > eval line 1474 > eval line 1 > eval line 1 > eval, line 1: WEBGL_debug_renderer_info is deprecated in Firefox and will be removed. Please use RENDERER.
1679657590046	geckodriver	INFO	Listening on 127.0.0.1:54330
1679657593094	mozrunner::runner	INFO	Running command: "C:\\Program Files\\Mozilla Firefox\\firefox.exe" "--marionette" "--headless" "--remote-debugging-port" "543 ... remote-allow-hosts" "localhost" "-no-remote" "-profile" "C:\\Users\\K5DD3~1.KAR\\AppData\\Local\\Temp\\rust_mozprofileokCtdo"
*** You are running in headless mode.
1679657594043	Marionette	INFO	Marionette enabled
1679657594052	Marionette	INFO	Listening on port 54341
WebDriver BiDi listening on ws://localhost:54331
Read port: 54341
1679657594349	RemoteAgent	WARN	TLS certificate errors will be ignored for this session
[GFX1-]: RenderCompositorSWGL failed mapping default framebuffer, no dt
console.warn: SearchSettings: "get: No settings file exists, new profile?" (new NotFoundError("Could not open the file at C:\\Users\\K5DD3~1.KAR\\AppData\\Local\\Temp\\rust_mozprofileokCtdo\\search.json.mozlz4", (void 0)))
DevTools listening on ws://localhost:54331/devtools/browser/6de44315-2933-47ad-8c8f-a1ba9a62104e
JavaScript warning: https://mc.yandex.ru/metrika/tag.js, line 13: WEBGL_debug_renderer_info is deprecated in Firefox and will be removed. Please use RENDERER.
JavaScript warning: https://pagead2.googlesyndication.com/bg/3b1Q3-2ktxseIVt-HK-LDpEKRyl8KDIxhU6os0UJEUg.js line 2 > eval line 4586 > eval line 1 > eval line 1 > eval, line 1: WEBGL_debug_renderer_info is deprecated in Firefox and will be removed. Please use RENDERER.
1679657623380	geckodriver	INFO	Listening on 127.0.0.1:54438
1679657626432	mozrunner::runner	INFO	Running command: "C:\\P1679657626620	mozrunner::runner	INFO	Running command: "C:\\Program Files\\Mozilla Firefox\\firefox.exe" "--marionette" "--headless" "--remote-debugging-port" "544 ... remote-allow-hosts" "localhost" "-no-remote" "-profile" "C:\\Users\\K5DD3~1.KAR\\AppData\\Local\\Temp\\ru1679657626857	Marionette	INFO	Marionette enabled
16796576261679657627099	Marionette	INFO	Marionette enabled
1679657627105	Marionette	INFO	Listening on port 54462
WebDriver BiDi listening on ws://localhost:54442
Read port: 54462
1679657627404	RemoteAgent	WA[GFX1-]: RenderCompositorSWGL failed mapping default framebu[GFX1-]: RenderCompositorSWGL failed mapping default framebuffer, no dt
console.warn: SearchSettings: "get: No settings file exists, new profile?" (new NotFoundError("Could not open the file at C:\\Users\\K5DD3~1.KAR\\AppData\\Local\\TeDevTools listening on ws://localhost:54439/devtools/browser/DevTools listening on ws://localhost:5JavaScript warning: https://mc.yandex.ru/metrika/tag.js, linJavaScript warning: https://mc.yandex.ru/metrika/tag.js, line 13: WEBGL_debug_renderer_info is depreJavaScript warning: https://pagead2.googlesyndication.com/bgJavaScript warning: https://pagead2.googlesyndication.com/bg/3b1Q3-2ktxseIVt-HK-LDpEKRyl8KDIxhU6os0UJEUg.js line 2 > eval line 305 > eval line 1 > eval line 1 > eval, line 1: WEBGL_debug_renderer_info is deprecated in Firefox and will be removed. Please use RENDERER.
1679658008434	geckodriver	INFO	Listening on 127.0.0.1:54734
1679658011483	mozrunner::runner	INFO	Running command: "C:\\Program Files\\Mozilla Firefox\\firefox.exe" "--marionette" "--headless" "--remote-debugging-port" "547 ... remote-allow-hosts" "localhost" "-no-remote" "-profile" "C:\\Users\\K5DD3~1.KAR\\AppData\\Local\\Temp\\rust_mozprofileYU0W0k"
*** You are running in headless mode.
1679658012492	Marionette	INFO	Marionette enabled
1679658012496	Marionette	INFO	Listening on port 54744
WebDriver BiDi listening on ws://localhost:54735
Read port: 54744
1679658012778	RemoteAgent	WARN	TLS certificate errors will be ignored for this session
[GFX1-]: RenderCompositorSWGL failed mapping default framebuffer, no dt
console.warn: SearchSettings: "get: No settings file exists, new profile?" (new NotFoundError("Could not open the file at C:\\Users\\K5DD3~1.KAR\\AppData\\Local\\Temp\\rust_mozprofileYU0W0k\\search.json.mozlz4", (void 0)))
DevTools listening on ws://localhost:54735/devtools/browser/96dd1eb5-1b15-42d9-ba82-1081e1075d3f
JavaScript warning: https://mc.yandex.ru/metrika/tag.js, line 13: WEBGL_debug_renderer_info is deprecated in Firefox and will be removed. Please use RENDERER.
JavaScript warning: https://pagead2.googlesyndication.com/bg/3b1Q3-2ktxseIVt-HK-LDpEKRyl8KDIxhU6os0UJEUg.js line 2 > eval line 5162 > eval line 1 > eval line 1 > eval, line 1: WEBGL_debug_renderer_info is deprecated in Firefox and will be removed. Please use RENDERER.
1679658132553	geckodriver	INFO	Listening on 127.0.0.1:54906
1679658135620	mozrunner::runner	INFO	Running command: "C:\\Program Files\\Mozilla Firefox\\firefox.exe" "--marionette" "--headless" "--remote-debugging-port" "549 ... remote-allow-hosts" "localhost" "-no-remote" "-profile" "C:\\Users\\K5DD3~1.KAR\\AppData\\Local\\Temp\\rust_mozprofileHNXMGh"
*** You are running in headless mode.
1679658136635	Marionette	INFO	Marionette enabled
1679658136641	Marionette	INFO	Listening on port 54916
WebDriver BiDi listening on ws://localhost:54907
Read port: 54916
1679658136967	RemoteAgent	WARN	TLS certificate errors will be ignored for this session
[GFX1-]: RenderCompositorSWGL failed mapping default framebuffer, no dt
console.warn: SearchSettings: "get: No settings file exists, new profile?" (new NotFoundError("Could not open the file at C:\\Users\\K5DD3~1.KAR\\AppData\\Local\\Temp\\rust_mozprofileHNXMGh\\search.json.mozlz4", (void 0)))
DevTools listening on ws://localhost:54907/devtools/browser/4a6871e6-cc25-4d40-a952-41ebcf8227ee
JavaScript warning: https://mc.yandex.ru/metrika/tag.js, line 13: WEBGL_debug_renderer_info is deprecated in Firefox and will be removed. Please use RENDERER.
JavaScript warning: https://pagead2.googlesyndication.com/bg/3b1Q3-2ktxseIVt-HK-LDpEKRyl8KDIxhU6os0UJEUg.js line 2 > eval line 2079 > eval line 1 > eval line 1 > eval, line 1: WEBGL_debug_renderer_info is deprecated in Firefox and will be removed. Please use RENDERER.
1679658253752	geckodriver	INFO	Listening on 127.0.0.1:55055
1679658256807	mozrunner::runner	INFO	Running command: "C:\\Program Files\\Mozilla Firefox\\firefox.exe" "--marionette" "--headless" "--remote-debugging-port" "550 ... remote-allow-hosts" "localhost" "-no-remote" "-profile" "C:\\Users\\K5DD3~1.KAR\\AppData\\Local\\Temp\\rust_mozprofile6jK7OK"
*** You are running in headless mode.
1679658257808	Marionette	INFO	Marionette enabled
1679658257815	Marionette	INFO	Listening on port 55065
WebDriver BiDi listening on ws://localhost:55056
Read port: 55065
1679658258125	RemoteAgent	WARN	TLS certificate errors will be ignored for this session
[GFX1-]: RenderCompositorSWGL failed mapping default framebuffer, no dt
console.warn: SearchSettings: "get: No settings file exists, new profile?" (new NotFoundError("Could not open the file at C:\\Users\\K5DD3~1.KAR\\AppData\\Local\\Temp\\rust_mozprofile6jK7OK\\search.json.mozlz4", (void 0)))
DevTools listening on ws://localhost:55056/devtools/browser/d5958f37-0528-4e4b-bd89-768c58c461dd
JavaScript warning: https://mc.yandex.ru/metrika/tag.js, line 13: WEBGL_debug_renderer_info is deprecated in Firefox and will be removed. Please use RENDERER.
JavaScript warning: https://pagead2.googlesyndication.com/bg/3b1Q3-2ktxseIVt-HK-LDpEKRyl8KDIxhU6os0UJEUg.js line 2 > eval line 795 > eval line 1 > eval line 1 > eval, line 1: WEBGL_debug_renderer_info is deprecated in Firefox and will be removed. Please use RENDERER.
1679658331816	geckodriver	INFO	Listening on 127.0.0.1:55188
1679658334891	mozrunner::runner	INFO	Running command: "C:\\Program Files\\Mozilla Firefox\\firefox.exe" "--marionette" "--headless" "--remote-debugging-port" "551 ... remote-allow-hosts" "localhost" "-no-remote" "-profile" "C:\\Users\\K5DD3~1.KAR\\AppData\\Local\\Temp\\rust_mozprofileTpwbzY"
*** You are running in headless mode.
1679658335899	Marionette	INFO	Marionette enabled
1679658335905	Marionette	INFO	Listening on port 55198
WebDriver BiDi listening on ws://localhost:55189
Read port: 55198
1679658336207	RemoteAgent	WARN	TLS certificate errors will be ignored for this session
[GFX1-]: RenderCompositorSWGL failed mapping default framebuffer, no dt
console.warn: SearchSettings: "get: No settings file exists, new profile?" (new NotFoundError("Could not open the file at C:\\Users\\K5DD3~1.KAR\\AppData\\Local\\Temp\\rust_mozprofileTpwbzY\\search.json.mozlz4", (void 0)))
DevTools listening on ws://localhost:55189/devtools/browser/3b16b437-86ba-489a-9ef7-d4991bd1acfd
JavaScript warning: https://mc.yandex.ru/metrika/tag.js, line 13: WEBGL_debug_renderer_info is deprecated in Firefox and will be removed. Please use RENDERER.
JavaScript warning: https://pagead2.googlesyndication.com/bg/3b1Q3-2ktxseIVt-HK-LDpEKRyl8KDIxhU6os0UJEUg.js line 2 > eval line 372 > eval line 1 > eval line 1 > eval, line 1: WEBGL_debug_renderer_info is deprecated in Firefox and will be removed. Please use RENDERER.
1679658472543	geckodriver	INFO	Listening on 127.0.0.1:55339
1679658475571	mozrunner::runner	INFO	Running command: "C:\\Program Files\\Mozilla Firefox\\firefox.exe" "--marionette" "--headless" "--remote-debugging-port" "553 ... remote-allow-hosts" "localhost" "-no-remote" "-profile" "C:\\Users\\K5DD3~1.KAR\\AppData\\Local\\Temp\\rust_mozprofilePHwQQO"
*** You are running in headless mode.
1679658476632	Marionette	INFO	Marionette enabled
1679658476636	Marionette	INFO	Listening on port 55349
WebDriver BiDi listening on ws://localhost:55340
Read port: 55349
1679658476765	RemoteAgent	WARN	TLS certificate errors will be ignored for this session
[GFX1-]: RenderCompositorSWGL failed mapping default framebuffer, no dt
console.warn: SearchSettings: "get: No settings file exists, new profile?" (new NotFoundError("Could not open the file at C:\\Users\\K5DD3~1.KAR\\AppData\\Local\\Temp\\rust_mozprofilePHwQQO\\search.json.mozlz4", (void 0)))
DevTools listening on ws://localhost:55340/devtools/browser/d5a87275-e075-48b8-849b-e1679a1dbdbf
JavaScript warning: https://mc.yandex.ru/metrika/tag.js, line 13: WEBGL_debug_renderer_info is deprecated in Firefox and will be removed. Please use RENDERER.
JavaScript warning: https://pagead2.googlesyndication.com/bg/3b1Q3-2ktxseIVt-HK-LDpEKRyl8KDIxhU6os0UJEUg.js line 2 > eval line 1623 > eval line 1 > eval line 1 > eval, line 1: WEBGL_debug_renderer_info is deprecated in Firefox and will be removed. Please use RENDERER.
1679658583614	geckodriver	INFO	Listening on 127.0.0.1:55512
1679658586673	mozrunner::runner	INFO	Running command: "C:\\Program Files\\Mozilla Firefox\\firefox.exe" "--marionette" "--headless" "--remote-debugging-port" "555 ... remote-allow-hosts" "localhost" "-no-remote" "-profile" "C:\\Users\\K5DD3~1.KAR\\AppData\\Local\\Temp\\rust_mozprofilelF38s3"
*** You are running in headless mode.
1679658587758	Marionette	INFO	Marionette enabled
1679658587764	Marionette	INFO	Listening on port 55523
WebDriver BiDi listening on ws://localhost:55513
Read port: 55523
1679658587881	RemoteAgent	WARN	TLS certificate errors will be ignored for this session
[GFX1-]: RenderCompositorSWGL failed mapping default framebuffer, no dt
console.warn: SearchSettings: "get: No settings file exists, new profile?" (new NotFoundError("Could not open the file at C:\\Users\\K5DD3~1.KAR\\AppData\\Local\\Temp\\rust_mozprofilelF38s3\\search.json.mozlz4", (void 0)))
DevTools listening on ws://localhost:55513/devtools/browser/9b2313bb-1711-436f-8def-abd0e4b307a4
JavaScript warning: https://mc.yandex.ru/metrika/tag.js, line 13: WEBGL_debug_renderer_info is deprecated in Firefox and will be removed. Please use RENDERER.
JavaScript warning: https://pagead2.googlesyndication.com/bg/3b1Q3-2ktxseIVt-HK-LDpEKRyl8KDIxhU6os0UJEUg.js line 2 > eval line 3394 > eval line 1 > eval line 1 > eval, line 1: WEBGL_debug_renderer_info is deprecated in Firefox and will be removed. Please use RENDERER.
1679658825860	geckodriver	INFO	Listening on 127.0.0.1:55726
1679658828961	mozrunner::runner	INFO	Running command: "C:\\Program Files\\Mozilla Firefox\\firefox.exe" "--marionette" "--headless" "--remote-debugging-port" "557 ... remote-allow-hosts" "localhost" "-no-remote" "-profile" "C:\\Users\\K5DD3~1.KAR\\AppData\\Local\\Temp\\rust_mozprofile3QoCv0"
*** You are running in headless mode.
1679658830099	Marionette	INFO	Marionette enabled
1679658830104	Marionette	INFO	Listening on port 55736
WebDriver BiDi listening on ws://localhost:55727
Read port: 55736
1679658830250	RemoteAgent	WARN	TLS certificate errors will be ignored for this session
[GFX1-]: RenderCompositorSWGL failed mapping default framebuffer, no dt
console.warn: SearchSettings: "get: No settings file exists, new profile?" (new NotFoundError("Could not open the file at C:\\Users\\K5DD3~1.KAR\\AppData\\Local\\Temp\\rust_mozprofile3QoCv0\\search.json.mozlz4", (void 0)))
DevTools listening on ws://localhost:55727/devtools/browser/681852ce-6c3c-4e15-883c-affbf5d154da
JavaScript warning: https://mc.yandex.ru/metrika/tag.js, line 13: WEBGL_debug_renderer_info is deprecated in Firefox and will be removed. Please use RENDERER.
JavaScript warning: https://pagead2.googlesyndication.com/bg/3b1Q3-2ktxseIVt-HK-LDpEKRyl8KDIxhU6os0UJEUg.js line 2 > eval line 2817 > eval line 1 > eval line 1 > eval, line 1: WEBGL_debug_renderer_info is deprecated in Firefox and will be removed. Please use RENDERER.
1679658966238	geckodriver	INFO	Listening on 127.0.0.1:55920
1679658969285	mozrunner::runner	INFO	Running command: "C:\\Program Files\\Mozilla Firefox\\firefox.exe" "--marionette" "--headless" "--remote-debugging-port" "559 ... remote-allow-hosts" "localhost" "-no-remote" "-profile" "C:\\Users\\K5DD3~1.KAR\\AppData\\Local\\Temp\\rust_mozprofileoSJSGc"
*** You are running in headless mode.
1679658970631	Marionette	INFO	Marionette enabled
1679658970649	Marionette	INFO	Listening on port 55930
WebDriver BiDi listening on ws://localhost:55921
Read port: 55930
1679658971238	RemoteAgent	WARN	TLS certificate errors will be ignored for this session
[GFX1-]: RenderCompositorSWGL failed mapping default framebuffer, no dt
console.warn: SearchSettings: "get: No settings file exists, new profile?" (new NotFoundError("Could not open the file at C:\\Users\\K5DD3~1.KAR\\AppData\\Local\\Temp\\rust_mozprofileoSJSGc\\search.json.mozlz4", (void 0)))
DevTools listening on ws://localhost:55921/devtools/browser/8df963b8-e959-435a-8868-1125e0e2f3c7
JavaScript warning: https://mc.yandex.ru/metrika/tag.js, line 13: WEBGL_debug_renderer_info is deprecated in Firefox and will be removed. Please use RENDERER.
JavaScript warning: https://pagead2.googlesyndication.com/bg/3b1Q3-2ktxseIVt-HK-LDpEKRyl8KDIxhU6os0UJEUg.js line 2 > eval line 2764 > eval line 1 > eval line 1 > eval, line 1: WEBGL_debug_renderer_info is deprecated in Firefox and will be removed. Please use RENDERER.
1679659155248	geckodriver	INFO	Listening on 127.0.0.1:56130
1679659158325	mozrunner::runner	INFO	Running command: "C:\\Program Files\\Mozilla Firefox\\firefox.exe" "--marionette" "--headless" "--remote-debugging-port" "561 ... remote-allow-hosts" "localhost" "-no-remote" "-profile" "C:\\Users\\K5DD3~1.KAR\\AppData\\Local\\Temp\\rust_mozprofile41eihC"
*** You are running in headless mode.
1679659159726	Marionette	INFO	Marionette enabled
1679659159732	Marionette	INFO	Listening on port 56140
WebDriver BiDi listening on ws://localhost:56131
Read port: 56140
1679659159870	RemoteAgent	WARN	TLS certificate errors will be ignored for this session
[GFX1-]: RenderCompositorSWGL failed mapping default framebuffer, no dt
console.warn: SearchSettings: "get: No settings file exists, new profile?" (new NotFoundError("Could not open the file at C:\\Users\\K5DD3~1.KAR\\AppData\\Local\\Temp\\rust_mozprofile41eihC\\search.json.mozlz4", (void 0)))
DevTools listening on ws://localhost:56131/devtools/browser/916e283d-8adc-404a-b3a9-df1e0a95687c
JavaScript warning: https://mc.yandex.ru/metrika/tag.js, line 13: WEBGL_debug_renderer_info is deprecated in Firefox and will be removed. Please use RENDERER.
JavaScript warning: https://pagead2.googlesyndication.com/bg/3b1Q3-2ktxseIVt-HK-LDpEKRyl8KDIxhU6os0UJEUg.js line 2 > eval line 287 > eval line 1 > eval line 1 > eval, line 1: WEBGL_debug_renderer_info is deprecated in Firefox and will be removed. Please use RENDERER.
1679659353514	geckodriver	INFO	Listening on 127.0.0.1:56270
1679659356597	mozrunner::runner	INFO	Running command: "C:\\Program Files\\Mozilla Firefox\\firefox.exe" "--marionette" "--headless" "--remote-debugging-port" "562 ... remote-allow-hosts" "localhost" "-no-remote" "-profile" "C:\\Users\\K5DD3~1.KAR\\AppData\\Local\\Temp\\rust_mozprofilecbX55R"
*** You are running in headless mode.
1679659357922	Marionette	INFO	Marionette enabled
1679659357927	Marionette	INFO	Listening on port 56280
WebDriver BiDi listening on ws://localhost:56271
Read port: 56280
1679659358043	RemoteAgent	WARN	TLS certificate errors will be ignored for this session
[GFX1-]: RenderCompositorSWGL failed mapping default framebuffer, no dt
console.warn: SearchSettings: "get: No settings file exists, new profile?" (new NotFoundError("Could not open the file at C:\\Users\\K5DD3~1.KAR\\AppData\\Local\\Temp\\rust_mozprofilecbX55R\\search.json.mozlz4", (void 0)))
DevTools listening on ws://localhost:56271/devtools/browser/a6bcd0bc-99cd-4b14-918e-e1a0a1c884d4
JavaScript warning: https://mc.yandex.ru/metrika/tag.js, line 13: WEBGL_debug_renderer_info is deprecated in Firefox and will be removed. Please use RENDERER.
JavaScript warning: https://pagead2.googlesyndication.com/bg/3b1Q3-2ktxseIVt-HK-LDpEKRyl8KDIxhU6os0UJEUg.js line 2 > eval line 5086 > eval line 1 > eval line 1 > eval, line 1: WEBGL_debug_renderer_info is deprecated in Firefox and will be removed. Please use RENDERER.
1679659515475	geckodriver	INFO	Listening on 127.0.0.1:56446
1679659518527	mozrunner::runner	INFO	Running command: "C:\\Program Files\\Mozilla Firefox\\firefox.exe" "--marionette" "--headless" "--remote-debugging-port" "564 ... remote-allow-hosts" "localhost" "-no-remote" "-profile" "C:\\Users\\K5DD3~1.KAR\\AppData\\Local\\Temp\\rust_mozprofileWhnpx7"
*** You are running in headless mode.
1679659519831	Marionette	INFO	Marionette enabled
1679659519837	Marionette	INFO	Listening on port 56456
WebDriver BiDi listening on ws://localhost:56447
Read port: 56456
1679659519962	RemoteAgent	WARN	TLS certificate errors will be ignored for this session
[GFX1-]: RenderCompositorSWGL failed mapping default framebuffer, no dt
console.warn: SearchSettings: "get: No settings file exists, new profile?" (new NotFoundError("Could not open the file at C:\\Users\\K5DD3~1.KAR\\AppData\\Local\\Temp\\rust_mozprofileWhnpx7\\search.json.mozlz4", (void 0)))
DevTools listening on ws://localhost:56447/devtools/browser/e4983061-6f71-470f-9a56-c879d96dde83
JavaScript warning: https://mc.yandex.ru/metrika/tag.js, line 13: WEBGL_debug_renderer_info is deprecated in Firefox and will be removed. Please use RENDERER.
JavaScript warning: https://pagead2.googlesyndication.com/bg/3b1Q3-2ktxseIVt-HK-LDpEKRyl8KDIxhU6os0UJEUg.js line 2 > eval line 674 > eval line 1 > eval line 1 > eval, line 1: WEBGL_debug_renderer_info is deprecated in Firefox and will be removed. Please use RENDERER.
1679659641332	geckodriver	INFO	Listening on 127.0.0.1:56587
1679659644428	mozrunner::runner	INFO	Running command: "C:\\Program Files\\Mozilla Firefox\\firefox.exe" "--marionette" "--headless" "--remote-debugging-port" "565 ... remote-allow-hosts" "localhost" "-no-remote" "-profile" "C:\\Users\\K5DD3~1.KAR\\AppData\\Local\\Temp\\rust_mozprofileoTv8sx"
*** You are running in headless mode.
1679659645981	Marionette	INFO	Marionette enabled
1679659645986	Marionette	INFO	Listening on port 56603
WebDriver BiDi listening on ws://localhost:56588
Read port: 56603
1679659646138	RemoteAgent	WARN	TLS certificate errors will be ignored for this session
[GFX1-]: RenderCompositorSWGL failed mapping default framebuffer, no dt
console.warn: SearchSettings: "get: No settings file exists, new profile?" (new NotFoundError("Could not open the file at C:\\Users\\K5DD3~1.KAR\\AppData\\Local\\Temp\\rust_mozprofileoTv8sx\\search.json.mozlz4", (void 0)))
DevTools listening on ws://localhost:56588/devtools/browser/4f1d807a-91b8-4e99-962c-200b29d87aa0
JavaScript warning: https://mc.yandex.ru/metrika/tag.js, line 13: WEBGL_debug_renderer_info is deprecated in Firefox and will be removed. Please use RENDERER.
JavaScript warning: https://pagead2.googlesyndication.com/bg/3b1Q3-2ktxseIVt-HK-LDpEKRyl8KDIxhU6os0UJEUg.js line 2 > eval line 6284 > eval line 1 > eval line 1 > eval, line 1: WEBGL_debug_renderer_info is deprecated in Firefox and will be removed. Please use RENDERER.
